Build started 27/09/2017 10:53:20 AM.
     1>Project "C:\Users\User\Downloads\belajarrajin\belajarrajin\belajarrajin.vcxproj" on node 2 (build target(s)).
     1>InitializeBuildStatus:
         Creating "Debug\belajarrajin.unsuccessfulbuild" because "AlwaysCreate" was specified.
       ClCompile:
         C:\Program Files (x86)\Microsoft Visual Studio 10.0\VC\bin\CL.exe /c /ZI /nologo /W3 /WX- /Od /Oy- /D WIN32 /D _DEBUG /D _CONSOLE /D _UNICODE /D UNICODE /Gm /EHsc /RTC1 /MDd /GS /fp:precise /Zc:wchar_t /Zc:forScope /Fo"Debug\\" /Fd"Debug\vc100.pdb" /Gd /TP /analyze- /errorReport:prompt contoh1.cpp
         contoh1.cpp
       ManifestResourceCompile:
         All outputs are up-to-date.
       Link:
         C:\Program Files (x86)\Microsoft Visual Studio 10.0\VC\bin\link.exe /ERRORREPORT:PROMPT /OUT:"C:\Users\User\Downloads\belajarrajin\Debug\belajarrajin.exe" /INCREMENTAL /NOLOGO kernel32.lib user32.lib gdi32.lib winspool.lib comdlg32.lib advapi32.lib shell32.lib ole32.lib oleaut32.lib uuid.lib odbc32.lib odbccp32.lib /MANIFEST /ManifestFile:"Debug\belajarrajin.exe.intermediate.manifest" /MANIFESTUAC:"level='asInvoker' uiAccess='false'" /DEBUG /PDB:"C:\Users\User\Downloads\belajarrajin\Debug\belajarrajin.pdb" /SUBSYSTEM:CONSOLE /TLBID:1 /DYNAMICBASE /NXCOMPAT /IMPLIB:"C:\Users\User\Downloads\belajarrajin\Debug\belajarrajin.lib" /MACHINE:X86 Debug\belajarrajin.exe.embed.manifest.res
         Debug\contoh1.obj
       Manifest:
         C:\Program Files (x86)\Microsoft SDKs\Windows\v7.0A\bin\mt.exe /nologo /verbose /out:"Debug\belajarrajin.exe.embed.manifest" /manifest Debug\belajarrajin.exe.intermediate.manifest
         All outputs are up-to-date.
       LinkEmbedManifest:
         All outputs are up-to-date.
         belajarrajin.vcxproj -> C:\Users\User\Downloads\belajarrajin\Debug\belajarrajin.exe
       FinalizeBuildStatus:
         Deleting file "Debug\belajarrajin.unsuccessfulbuild".
         Touching "Debug\belajarrajin.lastbuildstate".
     1>Done Building Project "C:\Users\User\Downloads\belajarrajin\belajarrajin\belajarrajin.vcxproj" (build target(s)).

Build succeeded.

Time Elapsed 00:00:01.04
