Build started 12/3/2017 10:19:46 PM.
     1>Project "G:\CSC128\KERJA C++\study7(buat)cara lagi satu\study7(buat)\study7(buat).vcxproj" on node 2 (build target(s)).
     1>InitializeBuildStatus:
         Creating "Debug\study7(buat).unsuccessfulbuild" because "AlwaysCreate" was specified.
       ClCompile:
         C:\Program Files (x86)\Microsoft Visual Studio 10.0\VC\bin\CL.exe /c /ZI /nologo /W3 /WX- /Od /Oy- /D WIN32 /D _DEBUG /D _CONSOLE /D _UNICODE /D UNICODE /Gm /EHsc /RTC1 /MDd /GS /fp:precise /Zc:wchar_t /Zc:forScope /Fo"Debug\\" /Fd"Debug\vc100.pdb" /Gd /TP /analyze- /errorReport:prompt latihan.cpp
         latihan.cpp
       ManifestResourceCompile:
         C:\Program Files (x86)\Microsoft SDKs\Windows\v7.0A\bin\rc.exe /nologo /fo"Debug\study7(buat).exe.embed.manifest.res" "Debug\study7(buat)_manifest.rc" 
       Link:
         C:\Program Files (x86)\Microsoft Visual Studio 10.0\VC\bin\link.exe /ERRORREPORT:PROMPT /OUT:"G:\CSC128\KERJA C++\study7(buat)cara lagi satu\Debug\study7(buat).exe" /INCREMENTAL /NOLOGO kernel32.lib user32.lib gdi32.lib winspool.lib comdlg32.lib advapi32.lib shell32.lib ole32.lib oleaut32.lib uuid.lib odbc32.lib odbccp32.lib /MANIFEST /ManifestFile:"Debug\study7(buat).exe.intermediate.manifest" /MANIFESTUAC:"level='asInvoker' uiAccess='false'" /DEBUG /PDB:"G:\CSC128\KERJA C++\study7(buat)cara lagi satu\Debug\study7(buat).pdb" /SUBSYSTEM:CONSOLE /TLBID:1 /DYNAMICBASE /NXCOMPAT /IMPLIB:"G:\CSC128\KERJA C++\study7(buat)cara lagi satu\Debug\study7(buat).lib" /MACHINE:X86 "Debug\study7(buat).exe.embed.manifest.res"
         Debug\latihan.obj
       Manifest:
         Deleting file "Debug\study7(buat).exe.embed.manifest".
         C:\Program Files (x86)\Microsoft SDKs\Windows\v7.0A\bin\mt.exe /nologo /verbose /out:"Debug\study7(buat).exe.embed.manifest" /manifest "Debug\study7(buat).exe.intermediate.manifest"
         C:\Program Files (x86)\Microsoft SDKs\Windows\v7.0A\bin\rc.exe /nologo /fo"Debug\study7(buat).exe.embed.manifest.res" "Debug\study7(buat)_manifest.rc" 
       LinkEmbedManifest:
         C:\Program Files (x86)\Microsoft Visual Studio 10.0\VC\bin\link.exe /ERRORREPORT:PROMPT /OUT:"G:\CSC128\KERJA C++\study7(buat)cara lagi satu\Debug\study7(buat).exe" /INCREMENTAL /NOLOGO kernel32.lib user32.lib gdi32.lib winspool.lib comdlg32.lib advapi32.lib shell32.lib ole32.lib oleaut32.lib uuid.lib odbc32.lib odbccp32.lib /MANIFEST /ManifestFile:"Debug\study7(buat).exe.intermediate.manifest" /MANIFESTUAC:"level='asInvoker' uiAccess='false'" /DEBUG /PDB:"G:\CSC128\KERJA C++\study7(buat)cara lagi satu\Debug\study7(buat).pdb" /SUBSYSTEM:CONSOLE /TLBID:1 /DYNAMICBASE /NXCOMPAT /IMPLIB:"G:\CSC128\KERJA C++\study7(buat)cara lagi satu\Debug\study7(buat).lib" /MACHINE:X86 "Debug\study7(buat).exe.embed.manifest.res"
         Debug\latihan.obj
         study7(buat).vcxproj -> G:\CSC128\KERJA C++\study7(buat)cara lagi satu\Debug\study7(buat).exe
       FinalizeBuildStatus:
         Deleting file "Debug\study7(buat).unsuccessfulbuild".
         Touching "Debug\study7(buat).lastbuildstate".
     1>Done Building Project "G:\CSC128\KERJA C++\study7(buat)cara lagi satu\study7(buat)\study7(buat).vcxproj" (build target(s)).

Build succeeded.

Time Elapsed 00:00:06.56
