Build started 27/09/2017 11:51:05 AM.
     1>Project "F:\ \area of a rectangle\area of a rectangle\area of a rectangle.vcxproj" on node 2 (build target(s)).
     1>InitializeBuildStatus:
         Touching "Debug\area of a rectangle.unsuccessfulbuild".
       ClCompile:
         C:\Program Files (x86)\Microsoft Visual Studio 10.0\VC\bin\CL.exe /c /ZI /nologo /W3 /WX- /Od /Oy- /D WIN32 /D _DEBUG /D _CONSOLE /D _UNICODE /D UNICODE /Gm /EHsc /RTC1 /MDd /GS /fp:precise /Zc:wchar_t /Zc:forScope /Fo"Debug\\" /Fd"Debug\vc100.pdb" /Gd /TP /analyze- /errorReport:prompt "area of a rectangle.cpp"
         area of a rectangle.cpp
       ManifestResourceCompile:
         C:\Program Files (x86)\Microsoft SDKs\Windows\v7.0A\bin\rc.exe /nologo /fo"Debug\area of a rectangle.exe.embed.manifest.res" "Debug\area of a rectangle_manifest.rc" 
       Link:
         C:\Program Files (x86)\Microsoft Visual Studio 10.0\VC\bin\link.exe /ERRORREPORT:PROMPT /OUT:"F:\ \area of a rectangle\Debug\area of a rectangle.exe" /INCREMENTAL /NOLOGO kernel32.lib user32.lib gdi32.lib winspool.lib comdlg32.lib advapi32.lib shell32.lib ole32.lib oleaut32.lib uuid.lib odbc32.lib odbccp32.lib /MANIFEST /ManifestFile:"Debug\area of a rectangle.exe.intermediate.manifest" /MANIFESTUAC:"level='asInvoker' uiAccess='false'" /DEBUG /PDB:"F:\ \area of a rectangle\Debug\area of a rectangle.pdb" /SUBSYSTEM:CONSOLE /TLBID:1 /DYNAMICBASE /NXCOMPAT /IMPLIB:"F:\ \area of a rectangle\Debug\area of a rectangle.lib" /MACHINE:X86 "Debug\area of a rectangle.exe.embed.manifest.res"
         "Debug\area of a rectangle.obj"
       Manifest:
         C:\Program Files (x86)\Microsoft SDKs\Windows\v7.0A\bin\mt.exe /nologo /verbose /out:"Debug\area of a rectangle.exe.embed.manifest" /manifest "Debug\area of a rectangle.exe.intermediate.manifest"
         C:\Program Files (x86)\Microsoft SDKs\Windows\v7.0A\bin\rc.exe /nologo /fo"Debug\area of a rectangle.exe.embed.manifest.res" "Debug\area of a rectangle_manifest.rc" 
       LinkEmbedManifest:
         C:\Program Files (x86)\Microsoft Visual Studio 10.0\VC\bin\link.exe /ERRORREPORT:PROMPT /OUT:"F:\ \area of a rectangle\Debug\area of a rectangle.exe" /INCREMENTAL /NOLOGO kernel32.lib user32.lib gdi32.lib winspool.lib comdlg32.lib advapi32.lib shell32.lib ole32.lib oleaut32.lib uuid.lib odbc32.lib odbccp32.lib /MANIFEST /ManifestFile:"Debug\area of a rectangle.exe.intermediate.manifest" /MANIFESTUAC:"level='asInvoker' uiAccess='false'" /DEBUG /PDB:"F:\ \area of a rectangle\Debug\area of a rectangle.pdb" /SUBSYSTEM:CONSOLE /TLBID:1 /DYNAMICBASE /NXCOMPAT /IMPLIB:"F:\ \area of a rectangle\Debug\area of a rectangle.lib" /MACHINE:X86 "Debug\area of a rectangle.exe.embed.manifest.res"
         "Debug\area of a rectangle.obj"
         area of a rectangle.vcxproj -> F:\ \area of a rectangle\Debug\area of a rectangle.exe
       FinalizeBuildStatus:
         Deleting file "Debug\area of a rectangle.unsuccessfulbuild".
         Touching "Debug\area of a rectangle.lastbuildstate".
     1>Done Building Project "F:\ \area of a rectangle\area of a rectangle\area of a rectangle.vcxproj" (build target(s)).

Build succeeded.

Time Elapsed 00:00:14.96
