Build started 11/15/2017 8:19:35 AM.
     1>Project "E:\ \CSC128\KERJA C++\Study6(average)\Study6(looping2)\Study6(looping2).vcxproj" on node 2 (build target(s)).
     1>InitializeBuildStatus:
         Creating "Debug\Study6(looping2).unsuccessfulbuild" because "AlwaysCreate" was specified.
       ClCompile:
         C:\Program Files (x86)\Microsoft Visual Studio 10.0\VC\bin\CL.exe /c /ZI /nologo /W3 /WX- /Od /Oy- /D WIN32 /D _DEBUG /D _CONSOLE /D _UNICODE /D UNICODE /Gm /EHsc /RTC1 /MDd /GS /fp:precise /Zc:wchar_t /Zc:forScope /Fo"Debug\\" /Fd"Debug\vc100.pdb" /Gd /TP /analyze- /errorReport:prompt loop2.cpp
         loop2.cpp
       ManifestResourceCompile:
         C:\Program Files (x86)\Microsoft SDKs\Windows\v7.0A\bin\rc.exe /nologo /fo"Debug\Study6(looping2).exe.embed.manifest.res" "Debug\Study6(looping2)_manifest.rc" 
       Link:
         C:\Program Files (x86)\Microsoft Visual Studio 10.0\VC\bin\link.exe /ERRORREPORT:PROMPT /OUT:"E:\ \CSC128\KERJA C++\Study6(average)\Debug\Study6(looping2).exe" /INCREMENTAL /NOLOGO kernel32.lib user32.lib gdi32.lib winspool.lib comdlg32.lib advapi32.lib shell32.lib ole32.lib oleaut32.lib uuid.lib odbc32.lib odbccp32.lib /MANIFEST /ManifestFile:"Debug\Study6(looping2).exe.intermediate.manifest" /MANIFESTUAC:"level='asInvoker' uiAccess='false'" /DEBUG /PDB:"E:\ \CSC128\KERJA C++\Study6(average)\Debug\Study6(looping2).pdb" /SUBSYSTEM:CONSOLE /TLBID:1 /DYNAMICBASE /NXCOMPAT /IMPLIB:"E:\ \CSC128\KERJA C++\Study6(average)\Debug\Study6(looping2).lib" /MACHINE:X86 "Debug\Study6(looping2).exe.embed.manifest.res"
         Debug\loop2.obj
       Manifest:
         Deleting file "Debug\Study6(looping2).exe.embed.manifest".
         C:\Program Files (x86)\Microsoft SDKs\Windows\v7.0A\bin\mt.exe /nologo /verbose /out:"Debug\Study6(looping2).exe.embed.manifest" /manifest "Debug\Study6(looping2).exe.intermediate.manifest"
         C:\Program Files (x86)\Microsoft SDKs\Windows\v7.0A\bin\rc.exe /nologo /fo"Debug\Study6(looping2).exe.embed.manifest.res" "Debug\Study6(looping2)_manifest.rc" 
       LinkEmbedManifest:
         C:\Program Files (x86)\Microsoft Visual Studio 10.0\VC\bin\link.exe /ERRORREPORT:PROMPT /OUT:"E:\ \CSC128\KERJA C++\Study6(average)\Debug\Study6(looping2).exe" /INCREMENTAL /NOLOGO kernel32.lib user32.lib gdi32.lib winspool.lib comdlg32.lib advapi32.lib shell32.lib ole32.lib oleaut32.lib uuid.lib odbc32.lib odbccp32.lib /MANIFEST /ManifestFile:"Debug\Study6(looping2).exe.intermediate.manifest" /MANIFESTUAC:"level='asInvoker' uiAccess='false'" /DEBUG /PDB:"E:\ \CSC128\KERJA C++\Study6(average)\Debug\Study6(looping2).pdb" /SUBSYSTEM:CONSOLE /TLBID:1 /DYNAMICBASE /NXCOMPAT /IMPLIB:"E:\ \CSC128\KERJA C++\Study6(average)\Debug\Study6(looping2).lib" /MACHINE:X86 "Debug\Study6(looping2).exe.embed.manifest.res"
         Debug\loop2.obj
         Study6(looping2).vcxproj -> E:\ \CSC128\KERJA C++\Study6(average)\Debug\Study6(looping2).exe
       FinalizeBuildStatus:
         Deleting file "Debug\Study6(looping2).unsuccessfulbuild".
         Touching "Debug\Study6(looping2).lastbuildstate".
     1>Done Building Project "E:\ \CSC128\KERJA C++\Study6(average)\Study6(looping2)\Study6(looping2).vcxproj" (build target(s)).

Build succeeded.

Time Elapsed 00:00:09.48
