Build started 12/12/2017 9:20:10 PM.
     1>Project "E:\CSC128\KERJA C++\Study7(star)\STAREXAMPLE\STAREXAMPLE\STAREXAMPLE.vcxproj" on node 2 (build target(s)).
     1>InitializeBuildStatus:
         Creating "Debug\STAREXAMPLE.unsuccessfulbuild" because "AlwaysCreate" was specified.
       ClCompile:
         C:\Program Files (x86)\Microsoft Visual Studio 10.0\VC\bin\CL.exe /c /ZI /nologo /W3 /WX- /Od /Oy- /D WIN32 /D _DEBUG /D _CONSOLE /D _UNICODE /D UNICODE /Gm /EHsc /RTC1 /MDd /GS /fp:precise /Zc:wchar_t /Zc:forScope /Fo"Debug\\" /Fd"Debug\vc100.pdb" /Gd /TP /analyze- /errorReport:prompt STAR.cpp
         STAR.cpp
       ManifestResourceCompile:
         All outputs are up-to-date.
       Link:
         C:\Program Files (x86)\Microsoft Visual Studio 10.0\VC\bin\link.exe /ERRORREPORT:PROMPT /OUT:"E:\CSC128\KERJA C++\Study7(star)\STAREXAMPLE\Debug\STAREXAMPLE.exe" /INCREMENTAL /NOLOGO kernel32.lib user32.lib gdi32.lib winspool.lib comdlg32.lib advapi32.lib shell32.lib ole32.lib oleaut32.lib uuid.lib odbc32.lib odbccp32.lib /MANIFEST /ManifestFile:"Debug\STAREXAMPLE.exe.intermediate.manifest" /MANIFESTUAC:"level='asInvoker' uiAccess='false'" /DEBUG /PDB:"E:\CSC128\KERJA C++\Study7(star)\STAREXAMPLE\Debug\STAREXAMPLE.pdb" /SUBSYSTEM:CONSOLE /TLBID:1 /DYNAMICBASE /NXCOMPAT /IMPLIB:"E:\CSC128\KERJA C++\Study7(star)\STAREXAMPLE\Debug\STAREXAMPLE.lib" /MACHINE:X86 Debug\STAREXAMPLE.exe.embed.manifest.res
         Debug\STAR.obj
       Manifest:
         C:\Program Files (x86)\Microsoft SDKs\Windows\v7.0A\bin\mt.exe /nologo /verbose /out:"Debug\STAREXAMPLE.exe.embed.manifest" /manifest Debug\STAREXAMPLE.exe.intermediate.manifest
         All outputs are up-to-date.
       LinkEmbedManifest:
         All outputs are up-to-date.
         STAREXAMPLE.vcxproj -> E:\CSC128\KERJA C++\Study7(star)\STAREXAMPLE\Debug\STAREXAMPLE.exe
       FinalizeBuildStatus:
         Deleting file "Debug\STAREXAMPLE.unsuccessfulbuild".
         Touching "Debug\STAREXAMPLE.lastbuildstate".
     1>Done Building Project "E:\CSC128\KERJA C++\Study7(star)\STAREXAMPLE\STAREXAMPLE\STAREXAMPLE.vcxproj" (build target(s)).

Build succeeded.

Time Elapsed 00:00:04.43
