Build started 29/10/2017 3:46:06 PM.
     1>Project "F:\ \CSC128\KERJA C++\Study6(for)\Study6(for)\Study6(for).vcxproj" on node 2 (build target(s)).
     1>InitializeBuildStatus:
         Creating "Debug\Study6(for).unsuccessfulbuild" because "AlwaysCreate" was specified.
       ClCompile:
         C:\Program Files (x86)\Microsoft Visual Studio 10.0\VC\bin\CL.exe /c /ZI /nologo /W3 /WX- /Od /Oy- /D WIN32 /D _DEBUG /D _CONSOLE /D _UNICODE /D UNICODE /Gm /EHsc /RTC1 /MDd /GS /fp:precise /Zc:wchar_t /Zc:forScope /Fo"Debug\\" /Fd"Debug\vc100.pdb" /Gd /TP /analyze- /errorReport:prompt loopingFor.cpp
         loopingFor.cpp
       ManifestResourceCompile:
         All outputs are up-to-date.
       Link:
         C:\Program Files (x86)\Microsoft Visual Studio 10.0\VC\bin\link.exe /ERRORREPORT:PROMPT /OUT:"F:\ \CSC128\KERJA C++\Study6(for)\Debug\Study6(for).exe" /INCREMENTAL /NOLOGO kernel32.lib user32.lib gdi32.lib winspool.lib comdlg32.lib advapi32.lib shell32.lib ole32.lib oleaut32.lib uuid.lib odbc32.lib odbccp32.lib /MANIFEST /ManifestFile:"Debug\Study6(for).exe.intermediate.manifest" /MANIFESTUAC:"level='asInvoker' uiAccess='false'" /DEBUG /PDB:"F:\ \CSC128\KERJA C++\Study6(for)\Debug\Study6(for).pdb" /SUBSYSTEM:CONSOLE /TLBID:1 /DYNAMICBASE /NXCOMPAT /IMPLIB:"F:\ \CSC128\KERJA C++\Study6(for)\Debug\Study6(for).lib" /MACHINE:X86 "Debug\Study6(for).exe.embed.manifest.res"
         Debug\loopingFor.obj
       Manifest:
         C:\Program Files (x86)\Microsoft SDKs\Windows\v7.0A\bin\mt.exe /nologo /verbose /out:"Debug\Study6(for).exe.embed.manifest" /manifest "Debug\Study6(for).exe.intermediate.manifest"
         All outputs are up-to-date.
       LinkEmbedManifest:
         All outputs are up-to-date.
         Study6(for).vcxproj -> F:\ \CSC128\KERJA C++\Study6(for)\Debug\Study6(for).exe
       FinalizeBuildStatus:
         Deleting file "Debug\Study6(for).unsuccessfulbuild".
         Touching "Debug\Study6(for).lastbuildstate".
     1>Done Building Project "F:\ \CSC128\KERJA C++\Study6(for)\Study6(for)\Study6(for).vcxproj" (build target(s)).

Build succeeded.

Time Elapsed 00:00:05.91
