Build started 11/14/2017 8:54:45 PM.
     1>Project "E:\ \CSC128\KERJA C++\Study6(loopflag)\Study5(loopflag)\Study5(loopflag).vcxproj" on node 2 (build target(s)).
     1>PrepareForBuild:
         Creating directory "E:\ \CSC128\KERJA C++\Study6(loopflag)\Debug\".
       InitializeBuildStatus:
         Creating "Debug\Study5(loopflag).unsuccessfulbuild" because "AlwaysCreate" was specified.
       ClCompile:
         C:\Program Files (x86)\Microsoft Visual Studio 10.0\VC\bin\CL.exe /c /ZI /nologo /W3 /WX- /Od /Oy- /D WIN32 /D _DEBUG /D _CONSOLE /D _UNICODE /D UNICODE /Gm /EHsc /RTC1 /MDd /GS /fp:precise /Zc:wchar_t /Zc:forScope /Fo"Debug\\" /Fd"Debug\vc100.pdb" /Gd /TP /analyze- /errorReport:prompt flagloop.cpp
         flagloop.cpp
       ManifestResourceCompile:
         C:\Program Files (x86)\Microsoft SDKs\Windows\v7.0A\bin\rc.exe /nologo /fo"Debug\Study5(loopflag).exe.embed.manifest.res" "Debug\Study5(loopflag)_manifest.rc" 
       Link:
         C:\Program Files (x86)\Microsoft Visual Studio 10.0\VC\bin\link.exe /ERRORREPORT:PROMPT /OUT:"E:\ \CSC128\KERJA C++\Study6(loopflag)\Debug\Study5(loopflag).exe" /INCREMENTAL /NOLOGO kernel32.lib user32.lib gdi32.lib winspool.lib comdlg32.lib advapi32.lib shell32.lib ole32.lib oleaut32.lib uuid.lib odbc32.lib odbccp32.lib /MANIFEST /ManifestFile:"Debug\Study5(loopflag).exe.intermediate.manifest" /MANIFESTUAC:"level='asInvoker' uiAccess='false'" /DEBUG /PDB:"E:\ \CSC128\KERJA C++\Study6(loopflag)\Debug\Study5(loopflag).pdb" /SUBSYSTEM:CONSOLE /TLBID:1 /DYNAMICBASE /NXCOMPAT /IMPLIB:"E:\ \CSC128\KERJA C++\Study6(loopflag)\Debug\Study5(loopflag).lib" /MACHINE:X86 "Debug\Study5(loopflag).exe.embed.manifest.res"
         Debug\flagloop.obj
       Manifest:
         C:\Program Files (x86)\Microsoft SDKs\Windows\v7.0A\bin\mt.exe /nologo /verbose /out:"Debug\Study5(loopflag).exe.embed.manifest" /manifest "Debug\Study5(loopflag).exe.intermediate.manifest"
         C:\Program Files (x86)\Microsoft SDKs\Windows\v7.0A\bin\rc.exe /nologo /fo"Debug\Study5(loopflag).exe.embed.manifest.res" "Debug\Study5(loopflag)_manifest.rc" 
       LinkEmbedManifest:
         C:\Program Files (x86)\Microsoft Visual Studio 10.0\VC\bin\link.exe /ERRORREPORT:PROMPT /OUT:"E:\ \CSC128\KERJA C++\Study6(loopflag)\Debug\Study5(loopflag).exe" /INCREMENTAL /NOLOGO kernel32.lib user32.lib gdi32.lib winspool.lib comdlg32.lib advapi32.lib shell32.lib ole32.lib oleaut32.lib uuid.lib odbc32.lib odbccp32.lib /MANIFEST /ManifestFile:"Debug\Study5(loopflag).exe.intermediate.manifest" /MANIFESTUAC:"level='asInvoker' uiAccess='false'" /DEBUG /PDB:"E:\ \CSC128\KERJA C++\Study6(loopflag)\Debug\Study5(loopflag).pdb" /SUBSYSTEM:CONSOLE /TLBID:1 /DYNAMICBASE /NXCOMPAT /IMPLIB:"E:\ \CSC128\KERJA C++\Study6(loopflag)\Debug\Study5(loopflag).lib" /MACHINE:X86 "Debug\Study5(loopflag).exe.embed.manifest.res"
         Debug\flagloop.obj
         Study5(loopflag).vcxproj -> E:\ \CSC128\KERJA C++\Study6(loopflag)\Debug\Study5(loopflag).exe
       FinalizeBuildStatus:
         Deleting file "Debug\Study5(loopflag).unsuccessfulbuild".
         Touching "Debug\Study5(loopflag).lastbuildstate".
     1>Done Building Project "E:\ \CSC128\KERJA C++\Study6(loopflag)\Study5(loopflag)\Study5(loopflag).vcxproj" (build target(s)).

Build succeeded.

Time Elapsed 00:00:12.31
