Build started 11/15/2017 8:45:59 AM.
     1>Project "E:\ \CSC128\KERJA C++\study4(!switch)\switch training\switch training.vcxproj" on node 2 (build target(s)).
     1>InitializeBuildStatus:
         Creating "Debug\switch training.unsuccessfulbuild" because "AlwaysCreate" was specified.
       ClCompile:
         C:\Program Files (x86)\Microsoft Visual Studio 10.0\VC\bin\CL.exe /c /ZI /nologo /W3 /WX- /Od /Oy- /D WIN32 /D _DEBUG /D _CONSOLE /D _UNICODE /D UNICODE /Gm /EHsc /RTC1 /MDd /GS /fp:precise /Zc:wchar_t /Zc:forScope /Fo"Debug\\" /Fd"Debug\vc100.pdb" /Gd /TP /analyze- /errorReport:prompt trainingswitch.cpp
         trainingswitch.cpp
       ManifestResourceCompile:
         All outputs are up-to-date.
       Link:
         C:\Program Files (x86)\Microsoft Visual Studio 10.0\VC\bin\link.exe /ERRORREPORT:PROMPT /OUT:"E:\ \CSC128\KERJA C++\study4(!switch)\Debug\switch training.exe" /INCREMENTAL /NOLOGO kernel32.lib user32.lib gdi32.lib winspool.lib comdlg32.lib advapi32.lib shell32.lib ole32.lib oleaut32.lib uuid.lib odbc32.lib odbccp32.lib /MANIFEST /ManifestFile:"Debug\switch training.exe.intermediate.manifest" /MANIFESTUAC:"level='asInvoker' uiAccess='false'" /DEBUG /PDB:"E:\ \CSC128\KERJA C++\study4(!switch)\Debug\switch training.pdb" /SUBSYSTEM:CONSOLE /TLBID:1 /DYNAMICBASE /NXCOMPAT /IMPLIB:"E:\ \CSC128\KERJA C++\study4(!switch)\Debug\switch training.lib" /MACHINE:X86 "Debug\switch training.exe.embed.manifest.res"
         Debug\trainingswitch.obj
       Manifest:
         C:\Program Files (x86)\Microsoft SDKs\Windows\v7.0A\bin\mt.exe /nologo /verbose /out:"Debug\switch training.exe.embed.manifest" /manifest "Debug\switch training.exe.intermediate.manifest"
         All outputs are up-to-date.
       LinkEmbedManifest:
         All outputs are up-to-date.
         switch training.vcxproj -> E:\ \CSC128\KERJA C++\study4(!switch)\Debug\switch training.exe
       FinalizeBuildStatus:
         Deleting file "Debug\switch training.unsuccessfulbuild".
         Touching "Debug\switch training.lastbuildstate".
     1>Done Building Project "E:\ \CSC128\KERJA C++\study4(!switch)\switch training\switch training.vcxproj" (build target(s)).

Build succeeded.

Time Elapsed 00:00:04.43
