Build started 27/09/2017 11:43:45 AM.
     1>Project "F:\ \belajar3\belajar3\belajar3.vcxproj" on node 2 (build target(s)).
     1>InitializeBuildStatus:
         Creating "Debug\belajar3.unsuccessfulbuild" because "AlwaysCreate" was specified.
       ClCompile:
         C:\Program Files (x86)\Microsoft Visual Studio 10.0\VC\bin\CL.exe /c /ZI /nologo /W3 /WX- /Od /Oy- /D WIN32 /D _DEBUG /D _CONSOLE /D _UNICODE /D UNICODE /Gm /EHsc /RTC1 /MDd /GS /fp:precise /Zc:wchar_t /Zc:forScope /Fo"Debug\\" /Fd"Debug\vc100.pdb" /Gd /TP /analyze- /errorReport:prompt belajar3.cpp
         belajar3.cpp
       ManifestResourceCompile:
         All outputs are up-to-date.
       Link:
         C:\Program Files (x86)\Microsoft Visual Studio 10.0\VC\bin\link.exe /ERRORREPORT:PROMPT /OUT:"F:\ \belajar3\Debug\belajar3.exe" /INCREMENTAL /NOLOGO kernel32.lib user32.lib gdi32.lib winspool.lib comdlg32.lib advapi32.lib shell32.lib ole32.lib oleaut32.lib uuid.lib odbc32.lib odbccp32.lib /MANIFEST /ManifestFile:"Debug\belajar3.exe.intermediate.manifest" /MANIFESTUAC:"level='asInvoker' uiAccess='false'" /DEBUG /PDB:"F:\ \belajar3\Debug\belajar3.pdb" /SUBSYSTEM:CONSOLE /TLBID:1 /DYNAMICBASE /NXCOMPAT /IMPLIB:"F:\ \belajar3\Debug\belajar3.lib" /MACHINE:X86 Debug\belajar3.exe.embed.manifest.res
         Debug\belajar3.obj
       Manifest:
         C:\Program Files (x86)\Microsoft SDKs\Windows\v7.0A\bin\mt.exe /nologo /verbose /out:"Debug\belajar3.exe.embed.manifest" /manifest Debug\belajar3.exe.intermediate.manifest
         All outputs are up-to-date.
       LinkEmbedManifest:
         All outputs are up-to-date.
         belajar3.vcxproj -> F:\ \belajar3\Debug\belajar3.exe
       FinalizeBuildStatus:
         Deleting file "Debug\belajar3.unsuccessfulbuild".
         Touching "Debug\belajar3.lastbuildstate".
     1>Done Building Project "F:\ \belajar3\belajar3\belajar3.vcxproj" (build target(s)).

Build succeeded.

Time Elapsed 00:00:06.14
