Build started 1/16/2018 2:55:20 PM.
     1>Project "C:\Users\User\Desktop\assignment\CSC128\KERJA C++\study7(buat)\study7(buat)\study7(buat).vcxproj" on node 2 (build target(s)).
     1>InitializeBuildStatus:
         Creating "Debug\study7(buat).unsuccessfulbuild" because "AlwaysCreate" was specified.
       ClCompile:
         C:\Program Files (x86)\Microsoft Visual Studio 10.0\VC\bin\CL.exe /c /ZI /nologo /W3 /WX- /Od /Oy- /D WIN32 /D _DEBUG /D _CONSOLE /D _UNICODE /D UNICODE /Gm /EHsc /RTC1 /MDd /GS /fp:precise /Zc:wchar_t /Zc:forScope /Fo"Debug\\" /Fd"Debug\vc100.pdb" /Gd /TP /analyze- /errorReport:prompt latihan.cpp
         latihan.cpp
     1>c:\users\user\desktop\assignment\csc128\kerja c++\study7(buat)\study7(buat)\latihan.cpp(13): warning C4700: uninitialized local variable 'b' used
     1>c:\users\user\desktop\assignment\csc128\kerja c++\study7(buat)\study7(buat)\latihan.cpp(13): warning C4700: uninitialized local variable 'a' used
       ManifestResourceCompile:
         All outputs are up-to-date.
       Link:
         C:\Program Files (x86)\Microsoft Visual Studio 10.0\VC\bin\link.exe /ERRORREPORT:PROMPT /OUT:"C:\Users\User\Desktop\assignment\CSC128\KERJA C++\study7(buat)\Debug\study7(buat).exe" /INCREMENTAL /NOLOGO kernel32.lib user32.lib gdi32.lib winspool.lib comdlg32.lib advapi32.lib shell32.lib ole32.lib oleaut32.lib uuid.lib odbc32.lib odbccp32.lib /MANIFEST /ManifestFile:"Debug\study7(buat).exe.intermediate.manifest" /MANIFESTUAC:"level='asInvoker' uiAccess='false'" /DEBUG /PDB:"C:\Users\User\Desktop\assignment\CSC128\KERJA C++\study7(buat)\Debug\study7(buat).pdb" /SUBSYSTEM:CONSOLE /TLBID:1 /DYNAMICBASE /NXCOMPAT /IMPLIB:"C:\Users\User\Desktop\assignment\CSC128\KERJA C++\study7(buat)\Debug\study7(buat).lib" /MACHINE:X86 "Debug\study7(buat).exe.embed.manifest.res"
         Debug\latihan.obj
       Manifest:
         C:\Program Files (x86)\Microsoft SDKs\Windows\v7.0A\bin\mt.exe /nologo /verbose /out:"Debug\study7(buat).exe.embed.manifest" /manifest "Debug\study7(buat).exe.intermediate.manifest"
         All outputs are up-to-date.
       LinkEmbedManifest:
         All outputs are up-to-date.
         study7(buat).vcxproj -> C:\Users\User\Desktop\assignment\CSC128\KERJA C++\study7(buat)\Debug\study7(buat).exe
       FinalizeBuildStatus:
         Deleting file "Debug\study7(buat).unsuccessfulbuild".
         Touching "Debug\study7(buat).lastbuildstate".
     1>Done Building Project "C:\Users\User\Desktop\assignment\CSC128\KERJA C++\study7(buat)\study7(buat)\study7(buat).vcxproj" (build target(s)).

Build succeeded.

Time Elapsed 00:00:01.31
